0 info it worked if it ends with ok
1 verbose cli [ '/usr/bin/nodejs', '/usr/bin/npm', 'run', 'build' ]
2 info using npm@3.8.6
3 info using node@v5.11.0
4 verbose run-script [ 'prebuild', 'build', 'postbuild' ]
5 info lifecycle buenasalud@0.1.0~prebuild: buenasalud@0.1.0
6 silly lifecycle buenasalud@0.1.0~prebuild: no script for prebuild, continuing
7 info lifecycle buenasalud@0.1.0~build: buenasalud@0.1.0
8 verbose lifecycle buenasalud@0.1.0~build: unsafe-perm in lifecycle true
9 verbose lifecycle buenasalud@0.1.0~build: PATH: /usr/lib/node_modules/npm/bin/node-gyp-bin:/opt/lampp/htdocs/buena-salud/node_modules/.bin:/usr/bin:/home/beto/.rvm/gems/ruby-2.3.0/bin:/home/beto/.rvm/gems/ruby-2.3.0@global/bin:/home/beto/.rvm/rubies/ruby-2.3.0/bin:/usr/local/heroku/bin:/usr/local/sbin:/usr/local/bin:/usr/sbin:/usr/bin:/sbin:/bin:/usr/games:/usr/local/games:/home/beto/.rvm/bin
10 verbose lifecycle buenasalud@0.1.0~build: CWD: /opt/lampp/htdocs/buena-salud
11 silly lifecycle buenasalud@0.1.0~build: Args: [ '-c', 'NODE_ENV=production gulp' ]
12 silly lifecycle buenasalud@0.1.0~build: Returned: code: 1  signal: null
13 info lifecycle buenasalud@0.1.0~build: Failed to exec build script
14 verbose stack Error: buenasalud@0.1.0 build: `NODE_ENV=production gulp`
14 verbose stack Exit status 1
14 verbose stack     at EventEmitter.<anonymous> (/usr/lib/node_modules/npm/lib/utils/lifecycle.js:239:16)
14 verbose stack     at emitTwo (events.js:100:13)
14 verbose stack     at EventEmitter.emit (events.js:185:7)
14 verbose stack     at ChildProcess.<anonymous> (/usr/lib/node_modules/npm/lib/utils/spawn.js:24:14)
14 verbose stack     at emitTwo (events.js:100:13)
14 verbose stack     at ChildProcess.emit (events.js:185:7)
14 verbose stack     at maybeClose (internal/child_process.js:850:16)
14 verbose stack     at Process.ChildProcess._handle.onexit (internal/child_process.js:215:5)
15 verbose pkgid buenasalud@0.1.0
16 verbose cwd /opt/lampp/htdocs/buena-salud
17 error Linux 4.4.0-21-generic
18 error argv "/usr/bin/nodejs" "/usr/bin/npm" "run" "build"
19 error node v5.11.0
20 error npm  v3.8.6
21 error code ELIFECYCLE
22 error buenasalud@0.1.0 build: `NODE_ENV=production gulp`
22 error Exit status 1
23 error Failed at the buenasalud@0.1.0 build script 'NODE_ENV=production gulp'.
23 error Make sure you have the latest version of node.js and npm installed.
23 error If you do, this is most likely a problem with the buenasalud package,
23 error not with npm itself.
23 error Tell the author that this fails on your system:
23 error     NODE_ENV=production gulp
23 error You can get information on how to open an issue for this project with:
23 error     npm bugs buenasalud
23 error Or if that isn't available, you can get their info via:
23 error     npm owner ls buenasalud
23 error There is likely additional logging output above.
24 verbose exit [ 1, true ]
